<?xml version="1.0" encoding="UTF-8"?>
<coverage generated="1658488843986" clover="3.2.0">
  <project timestamp="1658488843986" name="All files">
    <metrics statements="95" coveredstatements="47" conditionals="18" coveredconditionals="5" methods="26" coveredmethods="10" elements="139" coveredelements="62" complexity="0" loc="95" ncloc="95" packages="2" files="4" classes="4"/>
    <package name="src">
      <metrics statements="55" coveredstatements="37" conditionals="10" coveredconditionals="4" methods="15" coveredmethods="9"/>
      <file name="edit.js" path="C:\Users\Majioni\Documents\GitHub\To-do List Testing\TO-DO-LIST\src\edit.js">
        <metrics statements="11" coveredstatements="7" conditionals="0" coveredconditionals="0" methods="4" coveredmethods="2"/>
        <line num="8" count="1" type="stmt"/>
        <line num="10" count="1" type="stmt"/>
        <line num="11" count="1" type="stmt"/>
        <line num="12" count="1" type="stmt"/>
        <line num="13" count="1" type="stmt"/>
        <line num="14" count="1" type="stmt"/>
        <line num="16" count="1" type="stmt"/>
        <line num="17" count="0" type="stmt"/>
        <line num="18" count="0" type="stmt"/>
        <line num="19" count="0" type="stmt"/>
        <line num="20" count="0" type="stmt"/>
      </file>
      <file name="functions.js" path="C:\Users\Majioni\Documents\GitHub\To-do List Testing\TO-DO-LIST\src\functions.js">
        <metrics statements="44" coveredstatements="30" conditionals="10" coveredconditionals="4" methods="11" coveredmethods="7"/>
        <line num="7" count="4" type="stmt"/>
        <line num="8" count="4" type="stmt"/>
        <line num="9" count="4" type="stmt"/>
        <line num="13" count="2" type="stmt"/>
        <line num="15" count="8" type="cond" truecount="2" falsecount="0"/>
        <line num="16" count="2" type="stmt"/>
        <line num="18" count="6" type="stmt"/>
        <line num="20" count="8" type="stmt"/>
        <line num="23" count="2" type="stmt"/>
        <line num="24" count="2" type="stmt"/>
        <line num="25" count="2" type="stmt"/>
        <line num="26" count="2" type="stmt"/>
        <line num="29" count="2" type="stmt"/>
        <line num="30" count="0" type="stmt"/>
        <line num="31" count="0" type="stmt"/>
        <line num="32" count="0" type="stmt"/>
        <line num="35" count="2" type="stmt"/>
        <line num="36" count="0" type="stmt"/>
        <line num="37" count="0" type="stmt"/>
        <line num="38" count="0" type="cond" truecount="0" falsecount="2"/>
        <line num="39" count="0" type="stmt"/>
        <line num="42" count="0" type="stmt"/>
        <line num="48" count="2" type="stmt"/>
        <line num="49" count="3" type="stmt"/>
        <line num="50" count="3" type="stmt"/>
        <line num="51" count="3" type="stmt"/>
        <line num="52" count="3" type="stmt"/>
        <line num="53" count="6" type="stmt"/>
        <line num="54" count="6" type="cond" truecount="1" falsecount="1"/>
        <line num="55" count="6" type="stmt"/>
        <line num="63" count="6" type="stmt"/>
        <line num="67" count="2" type="stmt"/>
        <line num="68" count="0" type="stmt"/>
        <line num="69" count="0" type="cond" truecount="0" falsecount="2"/>
        <line num="70" count="0" type="stmt"/>
        <line num="71" count="0" type="stmt"/>
        <line num="72" count="0" type="stmt"/>
        <line num="75" count="2" type="stmt"/>
        <line num="76" count="1" type="stmt"/>
        <line num="77" count="1" type="stmt"/>
        <line num="78" count="2" type="cond" truecount="1" falsecount="1"/>
        <line num="79" count="0" type="stmt"/>
        <line num="81" count="2" type="stmt"/>
        <line num="83" count="1" type="stmt"/>
      </file>
    </package>
    <package name="src.modules">
      <metrics statements="40" coveredstatements="10" conditionals="8" coveredconditionals="1" methods="11" coveredmethods="1"/>
      <file name="store.js" path="C:\Users\Majioni\Documents\GitHub\To-do List Testing\TO-DO-LIST\src\modules\store.js">
        <metrics statements="18" coveredstatements="6" conditionals="4" coveredconditionals="1" methods="5" coveredmethods="1"/>
        <line num="5" count="0" type="stmt"/>
        <line num="6" count="0" type="stmt"/>
        <line num="7" count="0" type="stmt"/>
        <line num="11" count="1" type="stmt"/>
        <line num="13" count="1" type="cond" truecount="1" falsecount="1"/>
        <line num="14" count="0" type="stmt"/>
        <line num="16" count="1" type="stmt"/>
        <line num="18" count="1" type="stmt"/>
        <line num="21" count="1" type="stmt"/>
        <line num="22" count="0" type="stmt"/>
        <line num="23" count="0" type="stmt"/>
        <line num="24" count="0" type="stmt"/>
        <line num="27" count="1" type="stmt"/>
        <line num="28" count="0" type="stmt"/>
        <line num="29" count="0" type="stmt"/>
        <line num="30" count="0" type="cond" truecount="0" falsecount="2"/>
        <line num="31" count="0" type="stmt"/>
        <line num="34" count="0" type="stmt"/>
      </file>
      <file name="ui.js" path="C:\Users\Majioni\Documents\GitHub\To-do List Testing\TO-DO-LIST\src\modules\ui.js">
        <metrics statements="22" coveredstatements="4" conditionals="4" coveredconditionals="0" methods="6" coveredmethods="0"/>
        <line num="7" count="1" type="stmt"/>
        <line num="8" count="0" type="stmt"/>
        <line num="9" count="0" type="stmt"/>
        <line num="10" count="0" type="stmt"/>
        <line num="11" count="0" type="stmt"/>
        <line num="12" count="0" type="stmt"/>
        <line num="13" count="0" type="cond" truecount="0" falsecount="2"/>
        <line num="14" count="0" type="stmt"/>
        <line num="22" count="0" type="stmt"/>
        <line num="26" count="1" type="stmt"/>
        <line num="27" count="0" type="stmt"/>
        <line num="28" count="0" type="cond" truecount="0" falsecount="2"/>
        <line num="29" count="0" type="stmt"/>
        <line num="30" count="0" type="stmt"/>
        <line num="31" count="0" type="stmt"/>
        <line num="34" count="1" type="stmt"/>
        <line num="35" count="0" type="stmt"/>
        <line num="38" count="1" type="stmt"/>
        <line num="39" count="0" type="stmt"/>
        <line num="40" count="0" type="stmt"/>
        <line num="41" count="0" type="stmt"/>
        <line num="42" count="0" type="stmt"/>
      </file>
    </package>
  </project>
</coverage>
