{"C:\\Users\\Majioni\\Documents\\GitHub\\To-do List Testing\\TO-DO-LIST\\src\\edit.js": {"path":"C:\\Users\\Majioni\\Documents\\GitHub\\To-do List Testing\\TO-DO-LIST\\src\\edit.js","statementMap":{"0":{"start":{"line":7,"column":24},"end":{"line":12,"column":1}},"1":{"start":{"line":8,"column":16},"end":{"line":8,"column":32}},"2":{"start":{"line":9,"column":15},"end":{"line":9,"column":57}},"3":{"start":{"line":9,"column":36},"end":{"line":9,"column":56}},"4":{"start":{"line":10,"column":2},"end":{"line":10,"column":35}},"5":{"start":{"line":11,"column":2},"end":{"line":11,"column":55}},"6":{"start":{"line":13,"column":23},"end":{"line":22,"column":1}},"7":{"start":{"line":14,"column":16},"end":{"line":14,"column":32}},"8":{"start":{"line":15,"column":2},"end":{"line":20,"column":5}},"9":{"start":{"line":16,"column":4},"end":{"line":18,"column":5}},"10":{"start":{"line":17,"column":6},"end":{"line":17,"column":26}},"11":{"start":{"line":19,"column":4},"end":{"line":19,"column":26}},"12":{"start":{"line":21,"column":2},"end":{"line":21,"column":55}}},"fnMap":{"0":{"name":"(anonymous_0)","decl":{"start":{"line":7,"column":24},"end":{"line":7,"column":25}},"loc":{"start":{"line":7,"column":35},"end":{"line":12,"column":1}},"line":7},"1":{"name":"(anonymous_1)","decl":{"start":{"line":9,"column":26},"end":{"line":9,"column":27}},"loc":{"start":{"line":9,"column":36},"end":{"line":9,"column":56}},"line":9},"2":{"name":"(anonymous_2)","decl":{"start":{"line":13,"column":23},"end":{"line":13,"column":24}},"loc":{"start":{"line":13,"column":29},"end":{"line":22,"column":1}},"line":13},"3":{"name":"(anonymous_3)","decl":{"start":{"line":15,"column":16},"end":{"line":15,"column":17}},"loc":{"start":{"line":15,"column":33},"end":{"line":20,"column":3}},"line":15}},"branchMap":{"0":{"loc":{"start":{"line":16,"column":4},"end":{"line":18,"column":5}},"type":"if","locations":[{"start":{"line":16,"column":4},"end":{"line":18,"column":5}},{"start":{},"end":{}}],"line":16}},"s":{"0":1,"1":0,"2":0,"3":0,"4":0,"5":0,"6":1,"7":0,"8":0,"9":0,"10":0,"11":0,"12":0},"f":{"0":0,"1":0,"2":0,"3":0},"b":{"0":[0,0]},"_coverageSchema":"1a1c01bbd47fc00a2c39e90264f33305004495a9","hash":"4d2af22115378e146a3bce9f8c1e559899886ec8"}
,"C:\\Users\\Majioni\\Documents\\GitHub\\To-do List Testing\\TO-DO-LIST\\src\\modules\\store.js": {"path":"C:\\Users\\Majioni\\Documents\\GitHub\\To-do List Testing\\TO-DO-LIST\\src\\modules\\store.js","statementMap":{"0":{"start":{"line":5,"column":4},"end":{"line":5,"column":23}},"1":{"start":{"line":6,"column":4},"end":{"line":6,"column":35}},"2":{"start":{"line":7,"column":4},"end":{"line":7,"column":31}},"3":{"start":{"line":11,"column":22},"end":{"line":19,"column":5}},"4":{"start":{"line":13,"column":6},"end":{"line":17,"column":7}},"5":{"start":{"line":14,"column":8},"end":{"line":14,"column":19}},"6":{"start":{"line":16,"column":8},"end":{"line":16,"column":58}},"7":{"start":{"line":18,"column":6},"end":{"line":18,"column":19}},"8":{"start":{"line":21,"column":21},"end":{"line":25,"column":5}},"9":{"start":{"line":22,"column":20},"end":{"line":22,"column":36}},"10":{"start":{"line":23,"column":6},"end":{"line":23,"column":23}},"11":{"start":{"line":24,"column":6},"end":{"line":24,"column":59}},"12":{"start":{"line":27,"column":25},"end":{"line":35,"column":5}},"13":{"start":{"line":28,"column":20},"end":{"line":28,"column":36}},"14":{"start":{"line":29,"column":6},"end":{"line":33,"column":9}},"15":{"start":{"line":30,"column":8},"end":{"line":32,"column":9}},"16":{"start":{"line":31,"column":10},"end":{"line":31,"column":33}},"17":{"start":{"line":34,"column":6},"end":{"line":34,"column":59}}},"fnMap":{"0":{"name":"(anonymous_0)","decl":{"start":{"line":4,"column":2},"end":{"line":4,"column":3}},"loc":{"start":{"line":4,"column":45},"end":{"line":8,"column":3}},"line":4},"1":{"name":"(anonymous_1)","decl":{"start":{"line":11,"column":22},"end":{"line":11,"column":23}},"loc":{"start":{"line":11,"column":28},"end":{"line":19,"column":5}},"line":11},"2":{"name":"(anonymous_2)","decl":{"start":{"line":21,"column":21},"end":{"line":21,"column":22}},"loc":{"start":{"line":21,"column":31},"end":{"line":25,"column":5}},"line":21},"3":{"name":"(anonymous_3)","decl":{"start":{"line":27,"column":25},"end":{"line":27,"column":26}},"loc":{"start":{"line":27,"column":34},"end":{"line":35,"column":5}},"line":27},"4":{"name":"(anonymous_4)","decl":{"start":{"line":29,"column":20},"end":{"line":29,"column":21}},"loc":{"start":{"line":29,"column":37},"end":{"line":33,"column":7}},"line":29}},"branchMap":{"0":{"loc":{"start":{"line":13,"column":6},"end":{"line":17,"column":7}},"type":"if","locations":[{"start":{"line":13,"column":6},"end":{"line":17,"column":7}},{"start":{"line":15,"column":13},"end":{"line":17,"column":7}}],"line":13},"1":{"loc":{"start":{"line":30,"column":8},"end":{"line":32,"column":9}},"type":"if","locations":[{"start":{"line":30,"column":8},"end":{"line":32,"column":9}},{"start":{},"end":{}}],"line":30}},"s":{"0":0,"1":0,"2":0,"3":1,"4":1,"5":1,"6":0,"7":1,"8":1,"9":0,"10":0,"11":0,"12":1,"13":0,"14":0,"15":0,"16":0,"17":0},"f":{"0":0,"1":1,"2":0,"3":0,"4":0},"b":{"0":[1,0],"1":[0,0]},"_coverageSchema":"1a1c01bbd47fc00a2c39e90264f33305004495a9","hash":"03a2ba13239bcb0230396e87c855c36a3a624309"}
,"C:\\Users\\Majioni\\Documents\\GitHub\\To-do List Testing\\TO-DO-LIST\\src\\modules\\ui.js": {"path":"C:\\Users\\Majioni\\Documents\\GitHub\\To-do List Testing\\TO-DO-LIST\\src\\modules\\ui.js","statementMap":{"0":{"start":{"line":7,"column":24},"end":{"line":24,"column":3}},"1":{"start":{"line":8,"column":17},"end":{"line":8,"column":54}},"2":{"start":{"line":9,"column":4},"end":{"line":9,"column":24}},"3":{"start":{"line":10,"column":18},"end":{"line":10,"column":34}},"4":{"start":{"line":11,"column":4},"end":{"line":23,"column":7}},"5":{"start":{"line":12,"column":25},"end":{"line":12,"column":54}},"6":{"start":{"line":13,"column":19},"end":{"line":13,"column":50}},"7":{"start":{"line":14,"column":6},"end":{"line":21,"column":13}},"8":{"start":{"line":22,"column":6},"end":{"line":22,"column":35}},"9":{"start":{"line":26,"column":19},"end":{"line":32,"column":3}},"10":{"start":{"line":27,"column":21},"end":{"line":27,"column":58}},"11":{"start":{"line":28,"column":4},"end":{"line":28,"column":26}},"12":{"start":{"line":28,"column":19},"end":{"line":28,"column":26}},"13":{"start":{"line":29,"column":17},"end":{"line":29,"column":67}},"14":{"start":{"line":30,"column":4},"end":{"line":30,"column":24}},"15":{"start":{"line":31,"column":4},"end":{"line":31,"column":24}},"16":{"start":{"line":34,"column":23},"end":{"line":36,"column":3}},"17":{"start":{"line":35,"column":4},"end":{"line":35,"column":49}},"18":{"start":{"line":38,"column":20},"end":{"line":43,"column":2}},"19":{"start":{"line":39,"column":17},"end":{"line":39,"column":33}},"20":{"start":{"line":40,"column":16},"end":{"line":40,"column":58}},"21":{"start":{"line":40,"column":37},"end":{"line":40,"column":57}},"22":{"start":{"line":41,"column":3},"end":{"line":41,"column":34}},"23":{"start":{"line":42,"column":3},"end":{"line":42,"column":56}}},"fnMap":{"0":{"name":"(anonymous_0)","decl":{"start":{"line":7,"column":24},"end":{"line":7,"column":25}},"loc":{"start":{"line":7,"column":30},"end":{"line":24,"column":3}},"line":7},"1":{"name":"(anonymous_1)","decl":{"start":{"line":11,"column":18},"end":{"line":11,"column":19}},"loc":{"start":{"line":11,"column":28},"end":{"line":23,"column":5}},"line":11},"2":{"name":"(anonymous_2)","decl":{"start":{"line":26,"column":19},"end":{"line":26,"column":20}},"loc":{"start":{"line":26,"column":25},"end":{"line":32,"column":3}},"line":26},"3":{"name":"(anonymous_3)","decl":{"start":{"line":34,"column":23},"end":{"line":34,"column":24}},"loc":{"start":{"line":34,"column":29},"end":{"line":36,"column":3}},"line":34},"4":{"name":"(anonymous_4)","decl":{"start":{"line":38,"column":20},"end":{"line":38,"column":21}},"loc":{"start":{"line":38,"column":44},"end":{"line":43,"column":2}},"line":38},"5":{"name":"(anonymous_5)","decl":{"start":{"line":40,"column":27},"end":{"line":40,"column":28}},"loc":{"start":{"line":40,"column":37},"end":{"line":40,"column":57}},"line":40}},"branchMap":{"0":{"loc":{"start":{"line":13,"column":19},"end":{"line":13,"column":50}},"type":"cond-expr","locations":[{"start":{"line":13,"column":36},"end":{"line":13,"column":45}},{"start":{"line":13,"column":48},"end":{"line":13,"column":50}}],"line":13},"1":{"loc":{"start":{"line":28,"column":4},"end":{"line":28,"column":26}},"type":"if","locations":[{"start":{"line":28,"column":4},"end":{"line":28,"column":26}},{"start":{},"end":{}}],"line":28}},"s":{"0":1,"1":0,"2":0,"3":0,"4":0,"5":0,"6":0,"7":0,"8":0,"9":1,"10":0,"11":0,"12":0,"13":0,"14":0,"15":0,"16":1,"17":0,"18":1,"19":1,"20":1,"21":0,"22":1,"23":0},"f":{"0":0,"1":0,"2":0,"3":0,"4":1,"5":0},"b":{"0":[0,0],"1":[0,0]},"_coverageSchema":"1a1c01bbd47fc00a2c39e90264f33305004495a9","hash":"fa69c3557ca7c8e7667322bd74d3f0b79c293de3"}
}
