{"C:\\Users\\aquinas\\Microverse Program\\Module 2\\Week 3\\TO-DO-LIST\\src\\edit.js": {"path":"C:\\Users\\aquinas\\Microverse Program\\Module 2\\Week 3\\TO-DO-LIST\\src\\edit.js","statementMap":{"0":{"start":{"line":8,"column":13},"end":{"line":8,"column":23}},"1":{"start":{"line":10,"column":24},"end":{"line":15,"column":1}},"2":{"start":{"line":11,"column":16},"end":{"line":11,"column":32}},"3":{"start":{"line":12,"column":15},"end":{"line":12,"column":57}},"4":{"start":{"line":12,"column":36},"end":{"line":12,"column":56}},"5":{"start":{"line":13,"column":2},"end":{"line":13,"column":35}},"6":{"start":{"line":14,"column":2},"end":{"line":14,"column":55}},"7":{"start":{"line":16,"column":18},"end":{"line":21,"column":1}},"8":{"start":{"line":17,"column":16},"end":{"line":17,"column":32}},"9":{"start":{"line":18,"column":15},"end":{"line":18,"column":57}},"10":{"start":{"line":18,"column":36},"end":{"line":18,"column":56}},"11":{"start":{"line":19,"column":2},"end":{"line":19,"column":33}},"12":{"start":{"line":20,"column":2},"end":{"line":20,"column":55}},"13":{"start":{"line":23,"column":23},"end":{"line":27,"column":1}},"14":{"start":{"line":24,"column":2},"end":{"line":24,"column":52}},"15":{"start":{"line":24,"column":30},"end":{"line":24,"column":50}},"16":{"start":{"line":25,"column":2},"end":{"line":25,"column":55}},"17":{"start":{"line":26,"column":2},"end":{"line":26,"column":15}}},"fnMap":{"0":{"name":"(anonymous_0)","decl":{"start":{"line":10,"column":24},"end":{"line":10,"column":25}},"loc":{"start":{"line":10,"column":35},"end":{"line":15,"column":1}},"line":10},"1":{"name":"(anonymous_1)","decl":{"start":{"line":12,"column":26},"end":{"line":12,"column":27}},"loc":{"start":{"line":12,"column":36},"end":{"line":12,"column":56}},"line":12},"2":{"name":"(anonymous_2)","decl":{"start":{"line":16,"column":18},"end":{"line":16,"column":19}},"loc":{"start":{"line":16,"column":42},"end":{"line":21,"column":1}},"line":16},"3":{"name":"(anonymous_3)","decl":{"start":{"line":18,"column":26},"end":{"line":18,"column":27}},"loc":{"start":{"line":18,"column":36},"end":{"line":18,"column":56}},"line":18},"4":{"name":"(anonymous_4)","decl":{"start":{"line":23,"column":23},"end":{"line":23,"column":24}},"loc":{"start":{"line":23,"column":34},"end":{"line":27,"column":1}},"line":23},"5":{"name":"(anonymous_5)","decl":{"start":{"line":24,"column":23},"end":{"line":24,"column":24}},"loc":{"start":{"line":24,"column":30},"end":{"line":24,"column":50}},"line":24}},"branchMap":{},"s":{"0":1,"1":1,"2":0,"3":0,"4":0,"5":0,"6":0,"7":1,"8":0,"9":0,"10":0,"11":0,"12":0,"13":1,"14":1,"15":1,"16":1,"17":1},"f":{"0":0,"1":0,"2":0,"3":0,"4":1,"5":1},"b":{},"_coverageSchema":"1a1c01bbd47fc00a2c39e90264f33305004495a9","hash":"790c500b50d6ed3e18b864dbcb57676807e4fef6"}
,"C:\\Users\\aquinas\\Microverse Program\\Module 2\\Week 3\\TO-DO-LIST\\src\\functions.js": {"path":"C:\\Users\\aquinas\\Microverse Program\\Module 2\\Week 3\\TO-DO-LIST\\src\\functions.js","statementMap":{"0":{"start":{"line":7,"column":4},"end":{"line":7,"column":23}},"1":{"start":{"line":8,"column":4},"end":{"line":8,"column":35}},"2":{"start":{"line":9,"column":4},"end":{"line":9,"column":27}},"3":{"start":{"line":13,"column":24},"end":{"line":21,"column":7}},"4":{"start":{"line":15,"column":8},"end":{"line":19,"column":9}},"5":{"start":{"line":16,"column":10},"end":{"line":16,"column":21}},"6":{"start":{"line":18,"column":10},"end":{"line":18,"column":60}},"7":{"start":{"line":20,"column":8},"end":{"line":20,"column":21}},"8":{"start":{"line":23,"column":23},"end":{"line":27,"column":7}},"9":{"start":{"line":24,"column":22},"end":{"line":24,"column":38}},"10":{"start":{"line":25,"column":8},"end":{"line":25,"column":25}},"11":{"start":{"line":26,"column":8},"end":{"line":26,"column":61}},"12":{"start":{"line":29,"column":26},"end":{"line":33,"column":7}},"13":{"start":{"line":30,"column":22},"end":{"line":30,"column":38}},"14":{"start":{"line":31,"column":8},"end":{"line":31,"column":29}},"15":{"start":{"line":32,"column":8},"end":{"line":32,"column":21}},"16":{"start":{"line":35,"column":27},"end":{"line":43,"column":7}},"17":{"start":{"line":36,"column":22},"end":{"line":36,"column":38}},"18":{"start":{"line":37,"column":8},"end":{"line":41,"column":11}},"19":{"start":{"line":38,"column":10},"end":{"line":40,"column":11}},"20":{"start":{"line":39,"column":12},"end":{"line":39,"column":35}},"21":{"start":{"line":42,"column":8},"end":{"line":42,"column":61}},"22":{"start":{"line":48,"column":24},"end":{"line":65,"column":3}},"23":{"start":{"line":49,"column":17},"end":{"line":49,"column":54}},"24":{"start":{"line":50,"column":4},"end":{"line":50,"column":24}},"25":{"start":{"line":51,"column":18},"end":{"line":51,"column":34}},"26":{"start":{"line":52,"column":4},"end":{"line":64,"column":7}},"27":{"start":{"line":53,"column":25},"end":{"line":53,"column":54}},"28":{"start":{"line":54,"column":19},"end":{"line":54,"column":50}},"29":{"start":{"line":55,"column":6},"end":{"line":62,"column":13}},"30":{"start":{"line":63,"column":6},"end":{"line":63,"column":35}},"31":{"start":{"line":67,"column":19},"end":{"line":73,"column":3}},"32":{"start":{"line":68,"column":21},"end":{"line":68,"column":58}},"33":{"start":{"line":69,"column":4},"end":{"line":69,"column":26}},"34":{"start":{"line":69,"column":19},"end":{"line":69,"column":26}},"35":{"start":{"line":70,"column":17},"end":{"line":70,"column":67}},"36":{"start":{"line":71,"column":4},"end":{"line":71,"column":24}},"37":{"start":{"line":72,"column":4},"end":{"line":72,"column":26}}},"fnMap":{"0":{"name":"(anonymous_0)","decl":{"start":{"line":6,"column":2},"end":{"line":6,"column":3}},"loc":{"start":{"line":6,"column":34},"end":{"line":10,"column":3}},"line":6},"1":{"name":"(anonymous_1)","decl":{"start":{"line":13,"column":24},"end":{"line":13,"column":25}},"loc":{"start":{"line":13,"column":30},"end":{"line":21,"column":7}},"line":13},"2":{"name":"(anonymous_2)","decl":{"start":{"line":23,"column":23},"end":{"line":23,"column":24}},"loc":{"start":{"line":23,"column":33},"end":{"line":27,"column":7}},"line":23},"3":{"name":"(anonymous_3)","decl":{"start":{"line":29,"column":26},"end":{"line":29,"column":27}},"loc":{"start":{"line":29,"column":35},"end":{"line":33,"column":7}},"line":29},"4":{"name":"(anonymous_4)","decl":{"start":{"line":35,"column":27},"end":{"line":35,"column":28}},"loc":{"start":{"line":35,"column":36},"end":{"line":43,"column":7}},"line":35},"5":{"name":"(anonymous_5)","decl":{"start":{"line":37,"column":22},"end":{"line":37,"column":23}},"loc":{"start":{"line":37,"column":39},"end":{"line":41,"column":9}},"line":37},"6":{"name":"(anonymous_6)","decl":{"start":{"line":48,"column":24},"end":{"line":48,"column":25}},"loc":{"start":{"line":48,"column":30},"end":{"line":65,"column":3}},"line":48},"7":{"name":"(anonymous_7)","decl":{"start":{"line":52,"column":18},"end":{"line":52,"column":19}},"loc":{"start":{"line":52,"column":28},"end":{"line":64,"column":5}},"line":52},"8":{"name":"(anonymous_8)","decl":{"start":{"line":67,"column":19},"end":{"line":67,"column":20}},"loc":{"start":{"line":67,"column":25},"end":{"line":73,"column":3}},"line":67}},"branchMap":{"0":{"loc":{"start":{"line":15,"column":8},"end":{"line":19,"column":9}},"type":"if","locations":[{"start":{"line":15,"column":8},"end":{"line":19,"column":9}},{"start":{"line":17,"column":15},"end":{"line":19,"column":9}}],"line":15},"1":{"loc":{"start":{"line":38,"column":10},"end":{"line":40,"column":11}},"type":"if","locations":[{"start":{"line":38,"column":10},"end":{"line":40,"column":11}},{"start":{},"end":{}}],"line":38},"2":{"loc":{"start":{"line":54,"column":19},"end":{"line":54,"column":50}},"type":"cond-expr","locations":[{"start":{"line":54,"column":36},"end":{"line":54,"column":45}},{"start":{"line":54,"column":48},"end":{"line":54,"column":50}}],"line":54},"3":{"loc":{"start":{"line":69,"column":4},"end":{"line":69,"column":26}},"type":"if","locations":[{"start":{"line":69,"column":4},"end":{"line":69,"column":26}},{"start":{},"end":{}}],"line":69}},"s":{"0":4,"1":4,"2":4,"3":2,"4":6,"5":2,"6":4,"7":6,"8":2,"9":2,"10":2,"11":2,"12":2,"13":1,"14":1,"15":1,"16":2,"17":0,"18":0,"19":0,"20":0,"21":0,"22":2,"23":1,"24":1,"25":1,"26":1,"27":2,"28":2,"29":2,"30":2,"31":2,"32":0,"33":0,"34":0,"35":0,"36":0,"37":0},"f":{"0":4,"1":6,"2":2,"3":1,"4":0,"5":0,"6":1,"7":2,"8":0},"b":{"0":[2,4],"1":[0,0],"2":[0,2],"3":[0,0]},"_coverageSchema":"1a1c01bbd47fc00a2c39e90264f33305004495a9","hash":"b83be91ffad0420f503d82316a5b3527c0bbfce4"}
,"C:\\Users\\aquinas\\Microverse Program\\Module 2\\Week 3\\TO-DO-LIST\\src\\modules\\store.js": {"path":"C:\\Users\\aquinas\\Microverse Program\\Module 2\\Week 3\\TO-DO-LIST\\src\\modules\\store.js","statementMap":{"0":{"start":{"line":5,"column":4},"end":{"line":5,"column":23}},"1":{"start":{"line":6,"column":4},"end":{"line":6,"column":35}},"2":{"start":{"line":7,"column":4},"end":{"line":7,"column":31}},"3":{"start":{"line":11,"column":22},"end":{"line":19,"column":5}},"4":{"start":{"line":13,"column":6},"end":{"line":17,"column":7}},"5":{"start":{"line":14,"column":8},"end":{"line":14,"column":19}},"6":{"start":{"line":16,"column":8},"end":{"line":16,"column":58}},"7":{"start":{"line":18,"column":6},"end":{"line":18,"column":19}},"8":{"start":{"line":21,"column":21},"end":{"line":25,"column":5}},"9":{"start":{"line":22,"column":20},"end":{"line":22,"column":36}},"10":{"start":{"line":23,"column":6},"end":{"line":23,"column":23}},"11":{"start":{"line":24,"column":6},"end":{"line":24,"column":59}},"12":{"start":{"line":27,"column":25},"end":{"line":35,"column":5}},"13":{"start":{"line":28,"column":20},"end":{"line":28,"column":36}},"14":{"start":{"line":29,"column":6},"end":{"line":33,"column":9}},"15":{"start":{"line":30,"column":8},"end":{"line":32,"column":9}},"16":{"start":{"line":31,"column":10},"end":{"line":31,"column":33}},"17":{"start":{"line":34,"column":6},"end":{"line":34,"column":59}}},"fnMap":{"0":{"name":"(anonymous_0)","decl":{"start":{"line":4,"column":2},"end":{"line":4,"column":3}},"loc":{"start":{"line":4,"column":45},"end":{"line":8,"column":3}},"line":4},"1":{"name":"(anonymous_1)","decl":{"start":{"line":11,"column":22},"end":{"line":11,"column":23}},"loc":{"start":{"line":11,"column":28},"end":{"line":19,"column":5}},"line":11},"2":{"name":"(anonymous_2)","decl":{"start":{"line":21,"column":21},"end":{"line":21,"column":22}},"loc":{"start":{"line":21,"column":31},"end":{"line":25,"column":5}},"line":21},"3":{"name":"(anonymous_3)","decl":{"start":{"line":27,"column":25},"end":{"line":27,"column":26}},"loc":{"start":{"line":27,"column":34},"end":{"line":35,"column":5}},"line":27},"4":{"name":"(anonymous_4)","decl":{"start":{"line":29,"column":20},"end":{"line":29,"column":21}},"loc":{"start":{"line":29,"column":37},"end":{"line":33,"column":7}},"line":29}},"branchMap":{"0":{"loc":{"start":{"line":13,"column":6},"end":{"line":17,"column":7}},"type":"if","locations":[{"start":{"line":13,"column":6},"end":{"line":17,"column":7}},{"start":{"line":15,"column":13},"end":{"line":17,"column":7}}],"line":13},"1":{"loc":{"start":{"line":30,"column":8},"end":{"line":32,"column":9}},"type":"if","locations":[{"start":{"line":30,"column":8},"end":{"line":32,"column":9}},{"start":{},"end":{}}],"line":30}},"s":{"0":0,"1":0,"2":0,"3":1,"4":0,"5":0,"6":0,"7":0,"8":1,"9":0,"10":0,"11":0,"12":1,"13":0,"14":0,"15":0,"16":0,"17":0},"f":{"0":0,"1":0,"2":0,"3":0,"4":0},"b":{"0":[0,0],"1":[0,0]},"_coverageSchema":"1a1c01bbd47fc00a2c39e90264f33305004495a9","hash":"620782d2c911740e997dc70facb4632878ee4c63"}
,"C:\\Users\\aquinas\\Microverse Program\\Module 2\\Week 3\\TO-DO-LIST\\src\\modules\\ui.js": {"path":"C:\\Users\\aquinas\\Microverse Program\\Module 2\\Week 3\\TO-DO-LIST\\src\\modules\\ui.js","statementMap":{"0":{"start":{"line":7,"column":24},"end":{"line":24,"column":3}},"1":{"start":{"line":8,"column":17},"end":{"line":8,"column":54}},"2":{"start":{"line":9,"column":4},"end":{"line":9,"column":24}},"3":{"start":{"line":10,"column":18},"end":{"line":10,"column":34}},"4":{"start":{"line":11,"column":4},"end":{"line":23,"column":7}},"5":{"start":{"line":12,"column":25},"end":{"line":12,"column":54}},"6":{"start":{"line":13,"column":19},"end":{"line":13,"column":50}},"7":{"start":{"line":14,"column":6},"end":{"line":21,"column":13}},"8":{"start":{"line":22,"column":6},"end":{"line":22,"column":35}},"9":{"start":{"line":26,"column":19},"end":{"line":32,"column":3}},"10":{"start":{"line":27,"column":21},"end":{"line":27,"column":58}},"11":{"start":{"line":28,"column":4},"end":{"line":28,"column":26}},"12":{"start":{"line":28,"column":19},"end":{"line":28,"column":26}},"13":{"start":{"line":29,"column":17},"end":{"line":29,"column":67}},"14":{"start":{"line":30,"column":4},"end":{"line":30,"column":24}},"15":{"start":{"line":31,"column":4},"end":{"line":31,"column":24}},"16":{"start":{"line":34,"column":23},"end":{"line":36,"column":3}},"17":{"start":{"line":35,"column":4},"end":{"line":35,"column":49}},"18":{"start":{"line":38,"column":20},"end":{"line":43,"column":2}},"19":{"start":{"line":39,"column":17},"end":{"line":39,"column":33}},"20":{"start":{"line":40,"column":16},"end":{"line":40,"column":58}},"21":{"start":{"line":40,"column":37},"end":{"line":40,"column":57}},"22":{"start":{"line":41,"column":3},"end":{"line":41,"column":34}},"23":{"start":{"line":42,"column":3},"end":{"line":42,"column":56}}},"fnMap":{"0":{"name":"(anonymous_0)","decl":{"start":{"line":7,"column":24},"end":{"line":7,"column":25}},"loc":{"start":{"line":7,"column":30},"end":{"line":24,"column":3}},"line":7},"1":{"name":"(anonymous_1)","decl":{"start":{"line":11,"column":18},"end":{"line":11,"column":19}},"loc":{"start":{"line":11,"column":28},"end":{"line":23,"column":5}},"line":11},"2":{"name":"(anonymous_2)","decl":{"start":{"line":26,"column":19},"end":{"line":26,"column":20}},"loc":{"start":{"line":26,"column":25},"end":{"line":32,"column":3}},"line":26},"3":{"name":"(anonymous_3)","decl":{"start":{"line":34,"column":23},"end":{"line":34,"column":24}},"loc":{"start":{"line":34,"column":29},"end":{"line":36,"column":3}},"line":34},"4":{"name":"(anonymous_4)","decl":{"start":{"line":38,"column":20},"end":{"line":38,"column":21}},"loc":{"start":{"line":38,"column":44},"end":{"line":43,"column":2}},"line":38},"5":{"name":"(anonymous_5)","decl":{"start":{"line":40,"column":27},"end":{"line":40,"column":28}},"loc":{"start":{"line":40,"column":37},"end":{"line":40,"column":57}},"line":40}},"branchMap":{"0":{"loc":{"start":{"line":13,"column":19},"end":{"line":13,"column":50}},"type":"cond-expr","locations":[{"start":{"line":13,"column":36},"end":{"line":13,"column":45}},{"start":{"line":13,"column":48},"end":{"line":13,"column":50}}],"line":13},"1":{"loc":{"start":{"line":28,"column":4},"end":{"line":28,"column":26}},"type":"if","locations":[{"start":{"line":28,"column":4},"end":{"line":28,"column":26}},{"start":{},"end":{}}],"line":28}},"s":{"0":1,"1":0,"2":0,"3":0,"4":0,"5":0,"6":0,"7":0,"8":0,"9":1,"10":0,"11":0,"12":0,"13":0,"14":0,"15":0,"16":1,"17":0,"18":1,"19":0,"20":0,"21":0,"22":0,"23":0},"f":{"0":0,"1":0,"2":0,"3":0,"4":0,"5":0},"b":{"0":[0,0],"1":[0,0]},"_coverageSchema":"1a1c01bbd47fc00a2c39e90264f33305004495a9","hash":"eb8297dba2a9f033adbb844d372441a512520c85"}
}
