TN:
SF:src\functions.js
FN:6,(anonymous_0)
FN:13,(anonymous_1)
FN:23,(anonymous_2)
FN:29,(anonymous_3)
FN:31,(anonymous_4)
FN:42,(anonymous_5)
FN:46,(anonymous_6)
FN:61,(anonymous_7)
FNF:8
FNH:4
FNDA:0,(anonymous_0)
FNDA:3,(anonymous_1)
FNDA:0,(anonymous_2)
FNDA:1,(anonymous_3)
FNDA:0,(anonymous_4)
FNDA:2,(anonymous_5)
FNDA:0,(anonymous_6)
FNDA:1,(anonymous_7)
DA:7,0
DA:8,0
DA:9,0
DA:13,1
DA:15,3
DA:16,2
DA:18,1
DA:20,3
DA:23,1
DA:24,0
DA:25,0
DA:26,0
DA:29,1
DA:30,1
DA:31,1
DA:32,0
DA:33,0
DA:36,1
DA:42,1
DA:43,2
DA:44,2
DA:45,2
DA:46,2
DA:47,0
DA:48,0
DA:49,0
DA:57,0
DA:61,1
DA:62,1
DA:63,1
DA:64,0
DA:65,0
DA:66,0
LF:33
LH:18
BRDA:15,0,0,2
BRDA:15,0,1,1
BRDA:32,1,0,0
BRDA:32,1,1,0
BRDA:48,2,0,0
BRDA:48,2,1,0
BRDA:63,3,0,1
BRDA:63,3,1,0
BRF:8
BRH:3
end_of_record
